\BOOKMARK [0][-]{chapter*.2}{\376\377\000W\000e\000e\000k\000\040\0001}{}% 1
\BOOKMARK [1][-]{section*.3}{\376\377\000I\000n\000t\000r\000o\000d\000u\000c\000t\000i\000o\000n\000\040\000t\000o\000\040\000C\000r\000y\000p\000t\000o\000g\000r\000a\000p\000h\000y}{chapter*.2}% 2
\BOOKMARK [2][-]{subsection.1.1.1}{\376\377\000S\000o\000m\000e\000\040\000t\000e\000r\000m\000i\000n\000o\000l\000o\000g\000i\000e\000s}{section*.3}% 3
\BOOKMARK [2][-]{subsection.1.1.2}{\376\377\000E\000a\000r\000l\000y\000\040\000C\000r\000y\000p\000t\000o\000g\000r\000a\000p\000h\000y}{section*.3}% 4
\BOOKMARK [1][-]{section*.4}{\376\377\000S\000o\000m\000e\000\040\000M\000a\000t\000h\000e\000m\000a\000t\000i\000c\000a\000l\000\040\000P\000r\000e\000-\000r\000e\000q\000u\000i\000s\000i\000t\000e\000s\000\040\000f\000o\000r\000\040\000M\000o\000d\000u\000l\000a\000r\000\040\000A\000r\000i\000t\000h\000e\000m\000a\000t\000i\000c}{chapter*.2}% 5
\BOOKMARK [2][-]{subsection.1.2.1}{\376\377\000G\000C\000D}{section*.4}% 6
\BOOKMARK [1][-]{section*.5}{\376\377\000M\000o\000d\000u\000l\000a\000r\000\040\000A\000r\000i\000t\000h\000e\000m\000a\000t\000i\000c}{chapter*.2}% 7
\BOOKMARK [2][-]{subsection.1.3.1}{\376\377\000F\000o\000r\000m\000a\000t}{section*.5}% 8
\BOOKMARK [2][-]{subsection.1.3.2}{\376\377\000P\000r\000o\000p\000e\000r\000t\000i\000e\000s}{section*.5}% 9
\BOOKMARK [2][-]{subsection.1.3.3}{\376\377\000R\000i\000n\000g\000\040\000t\000h\000e\000o\000r\000y}{section*.5}% 10
\BOOKMARK [2][-]{subsection.1.3.4}{\376\377\000S\000h\000i\000f\000t\000\040\000C\000i\000p\000h\000e\000r\000s\000\040\000a\000n\000d\000\040\000M\000o\000d\000u\000l\000o\000\040\000A\000r\000i\000t\000h\000e\000m\000a\000t\000i\000c}{section*.5}% 11
\BOOKMARK [2][-]{subsection.1.3.5}{\376\377\000F\000a\000s\000t\000\040\000P\000o\000w\000e\000r\000i\000n\000g\000\040\000a\000l\000g\000o\000r\000i\000t\000h\000m}{section*.5}% 12
\BOOKMARK [1][-]{section*.6}{\376\377\000P\000r\000i\000m\000e\000\040\000n\000u\000m\000b\000e\000r\000s\000\040\000a\000n\000d\000\040\000F\000i\000n\000i\000t\000e\000\040\000F\000i\000e\000l\000d\000s}{chapter*.2}% 13
\BOOKMARK [2][-]{subsection.1.4.1}{\376\377\000D\000i\000v\000i\000s\000i\000o\000n\000\040\000m\000o\000d\000u\000l\000o\000\040\000m}{section*.6}% 14
\BOOKMARK [2][-]{subsection.1.4.2}{\376\377\000D\000i\000v\000i\000s\000i\000o\000n\000\040\000i\000n\000\040\000r\000i\000n\000g\000s}{section*.6}% 15
\BOOKMARK [2][-]{subsection.1.4.3}{\376\377\000F\000i\000n\000i\000t\000e\000\040\000F\000i\000e\000l\000d\000s}{section*.6}% 16
\BOOKMARK [1][-]{section*.7}{\376\377\000F\000e\000r\000m\000a\000t\000'\000s\000\040\000`\000`\000L\000i\000t\000t\000l\000e\000'\000'\000\040\000T\000h\000e\000o\000r\000e\000m}{chapter*.2}% 17
\BOOKMARK [2][-]{subsection.1.5.1}{\376\377\000P\000r\000i\000m\000i\000t\000i\000v\000e\000\040\000R\000o\000o\000t\000s\000\040\000T\000h\000e\000o\000r\000e\000m}{section*.7}% 18
\BOOKMARK [1][-]{section*.8}{\376\377\000S\000y\000m\000m\000e\000t\000r\000i\000c\000\040\000C\000i\000p\000h\000e\000r\000s}{chapter*.2}% 19
\BOOKMARK [2][-]{subsection.1.6.1}{\376\377\000N\000o\000t\000a\000t\000i\000o\000n\000s}{section*.8}% 20
\BOOKMARK [2][-]{subsection.1.6.2}{\376\377\000P\000r\000i\000n\000c\000i\000p\000l\000e\000s\000\040\000o\000f\000\040\000S\000u\000c\000c\000e\000s\000f\000u\000l\000\040\000C\000i\000p\000h\000e\000r\000s}{section*.8}% 21
\BOOKMARK [2][-]{subsection.1.6.3}{\376\377\000E\000n\000c\000o\000d\000i\000n\000g\000\040\000o\000f\000\040\000C\000i\000p\000h\000e\000r\000\040\000B\000l\000o\000c\000k\000s}{section*.8}% 22
\BOOKMARK [2][-]{subsection.1.6.4}{\376\377\000E\000x\000a\000m\000p\000l\000e\000s\000\040\000o\000f\000\040\000S\000y\000m\000m\000e\000t\000r\000i\000c\000\040\000C\000i\000p\000h\000e\000r\000s}{section*.8}% 23
\BOOKMARK [2][-]{subsection.1.6.5}{\376\377\000R\000a\000n\000d\000o\000m\000\040\000b\000i\000t\000\040\000s\000e\000q\000u\000e\000n\000c\000e\000s}{section*.8}% 24
\BOOKMARK [1][-]{section*.13}{\376\377\000A\000s\000y\000m\000m\000e\000t\000r\000i\000c\000\040\000C\000i\000p\000h\000e\000r\000s}{chapter*.2}% 25
\BOOKMARK [0][-]{chapter*.14}{\376\377\000W\000e\000e\000k\000\040\0002}{}% 26
\BOOKMARK [1][-]{section*.15}{\376\377\000P\000r\000o\000b\000a\000b\000i\000l\000i\000t\000y\000\040\000T\000h\000e\000o\000r\000y}{chapter*.14}% 27
\BOOKMARK [2][-]{subsection.2.1.1}{\376\377\000B\000a\000s\000i\000c\000s}{section*.15}% 28
\BOOKMARK [2][-]{subsection.2.1.2}{\376\377\000M\000o\000n\000t\000y\000\040\000H\000a\000l\000l\000\040\000P\000r\000o\000b\000l\000e\000m}{section*.15}% 29
\BOOKMARK [2][-]{subsection.2.1.3}{\376\377\000M\000o\000n\000t\000e\000-\000C\000a\000r\000l\000o\000\040\000A\000l\000g\000o\000r\000i\000t\000h\000m\000s}{section*.15}% 30
\BOOKMARK [1][-]{section*.16}{\376\377\000I\000n\000f\000o\000r\000m\000a\000t\000i\000o\000n\000\040\000T\000h\000e\000o\000r\000y}{chapter*.14}% 31
\BOOKMARK [0][-]{chapter*.17}{\376\377\000W\000e\000e\000k\000\040\0003}{}% 32
\BOOKMARK [1][-]{section*.18}{\376\377\000R\000a\000n\000d\000o\000m\000\040\000N\000u\000m\000b\000e\000r\000s}{chapter*.17}% 33
\BOOKMARK [2][-]{subsection.3.1.1}{\376\377\000W\000h\000y\000\040\000d\000o\000\040\000w\000e\000\040\000n\000e\000e\000d\000\040\000r\000a\000n\000d\000o\000m\000\040\000n\000u\000m\000b\000e\000r\000s}{section*.18}% 34
\BOOKMARK [2][-]{subsection.3.1.2}{\376\377\000I\000s\000\040\000i\000t\000\040\000e\000v\000e\000n\000\040\000p\000o\000s\000s\000i\000b\000l\000e\000\040\000t\000o\000\040\000c\000o\000n\000s\000t\000r\000u\000c\000t\000\040\000a\000n\000\040\000a\000c\000t\000u\000a\000l\000l\000y\000\040\000r\000a\000n\000d\000o\000m\000\040\000n\000u\000m\000b\000e\000r\000?}{section*.18}% 35
\BOOKMARK [2][-]{subsection.3.1.3}{\376\377\000P\000s\000e\000u\000d\000o\000-\000R\000a\000n\000d\000o\000m\000\040\000N\000u\000m\000b\000e\000r\000\040\000G\000e\000n\000e\000r\000a\000t\000o\000r}{section*.18}% 36
\BOOKMARK [1][-]{section*.19}{\376\377\000H\000a\000s\000h\000\040\000F\000u\000n\000c\000t\000i\000o\000n\000s}{chapter*.17}% 37
\BOOKMARK [2][-]{subsection.3.2.1}{\376\377\000H\000o\000w\000\040\000d\000o\000e\000s\000\040\000S\000H\000A\000-\0001\000\040\000w\000o\000r\000k\000?}{section*.19}% 38
\BOOKMARK [1][-]{section*.20}{\376\377\000P\000u\000b\000l\000i\000c\000\040\000S\000t\000a\000n\000d\000a\000r\000d\000\040\000f\000o\000r\000\040\000m\000a\000k\000i\000n\000g\000\040\000P\000R\000N\000G\000s}{chapter*.17}% 39
\BOOKMARK [1][-]{section*.21}{\376\377\000S\000t\000r\000e\000a\000m\000\040\000C\000i\000p\000h\000e\000r\000s}{chapter*.17}% 40
\BOOKMARK [2][-]{subsection.3.4.1}{\376\377\000D\000e\000c\000i\000p\000h\000e\000r\000i\000n\000g\000\040\000S\000t\000r\000e\000a\000m\000\040\000C\000i\000p\000h\000e\000r\000s}{section*.21}% 41
\BOOKMARK [1][-]{section*.22}{\376\377\000B\000l\000o\000c\000k\000\040\000C\000i\000p\000h\000e\000r}{chapter*.17}% 42
\BOOKMARK [2][-]{subsection.3.5.1}{\376\377\000E\000l\000e\000c\000t\000r\000o\000n\000i\000c\000\040\000C\000o\000d\000e\000\040\000B\000o\000o\000k\000\040\000M\000e\000t\000h\000o\000d}{section*.22}% 43
\BOOKMARK [2][-]{subsection.3.5.2}{\376\377\000C\000i\000p\000h\000e\000r\000\040\000B\000l\000o\000c\000k\000\040\000C\000h\000a\000i\000n\000i\000n\000g}{section*.22}% 44
\BOOKMARK [3][-]{subsubsection.3.5.2.1}{\376\377\000H\000o\000w\000\040\000t\000o\000\040\000d\000e\000c\000r\000y\000p\000t\000\040\000C\000B\000C}{subsection.3.5.2}% 45
\BOOKMARK [1][-]{section.3.6}{\376\377\000C\000o\000u\000n\000t\000e\000r\000\040\000M\000o\000d\000e\000\040\000\050\000C\000T\000R\000\051}{chapter*.17}% 46
\BOOKMARK [2][-]{subsection.3.6.1}{\376\377\000D\000e\000c\000r\000y\000p\000t\000i\000o\000n}{section.3.6}% 47
\BOOKMARK [0][-]{chapter*.28}{\376\377\000W\000e\000e\000k\000\040\0004}{}% 48
\BOOKMARK [1][-]{section*.29}{\376\377\000I\000n\000t\000r\000o\000d\000u\000c\000t\000i\000o\000n\000\040\000t\000o\000\040\000D\000i\000f\000f\000i\000e\000\040\000H\000e\000l\000l\000m\000a\000n}{chapter*.28}% 49
\BOOKMARK [1][-]{section*.31}{\376\377\000D\000i\000s\000c\000r\000e\000t\000e\000\040\000L\000o\000g\000a\000r\000i\000t\000h\000m}{chapter*.28}% 50
\BOOKMARK [0][-]{chapter*.32}{\376\377\000S\000u\000m\000m\000a\000r\000y\000\040\000o\000f\000\040\000p\000r\000o\000j\000e\000c\000t\000\040\000c\000o\000m\000p\000l\000e\000t\000i\000o\000n}{}% 51
\BOOKMARK [1][-]{section.5.1}{\376\377\000M\000o\000d\000i\000f\000i\000e\000d\000\040\000P\000o\000A}{chapter*.32}% 52
\BOOKMARK [0][-]{chapter*.33}{\376\377\000B\000i\000b\000l\000i\000o\000g\000r\000a\000p\000h\000y}{}% 53
