This is pdfTeX, Version 3.141592653-2.6-1.40.24 (TeX Live 2022) (preloaded format=pdflatex 2022.5.9)  18 JUN 2022 01:54
entering extended mode
 restricted \write18 enabled.
 %&-line parsing enabled.
**Week_2.tex
(./Week_2.tex
LaTeX2e <2021-11-15> patch level 1
L3 programming layer <2022-05-04>
! Undefined control sequence.
l.1 \mychapter
              {2}{Week 2}
The control sequence at the end of the top line
of your error message was never \def'ed. If you have
misspelled it (e.g., `\hobx'), type `I' and the correct
spelling (e.g., `I\hbox'). Otherwise just continue,
and I'll forget about whatever was undefined.


! LaTeX Error: Missing \begin{document}.

See the LaTeX manual or LaTeX Companion for explanation.
Type  H <return>  for immediate help.
 ...                                              
                                                  
l.1 \mychapter{2
                }{Week 2}
You're in trouble here.  Try typing  <return>  to proceed.
If that doesn't work, type  X <return>  to quit.

Missing character: There is no 2 in font nullfont!
Missing character: There is no W in font nullfont!
Missing character: There is no e in font nullfont!
Missing character: There is no e in font nullfont!
Missing character: There is no k in font nullfont!
Missing character: There is no 2 in font nullfont!
! Undefined control sequence.
l.2 	\mysection
               {1}{Probability Theory}
The control sequence at the end of the top line
of your error message was never \def'ed. If you have
misspelled it (e.g., `\hobx'), type `I' and the correct
spelling (e.g., `I\hbox'). Otherwise just continue,
and I'll forget about whatever was undefined.

Missing character: There is no 1 in font nullfont!
Missing character: There is no P in font nullfont!
Missing character: There is no r in font nullfont!
Missing character: There is no o in font nullfont!
Missing character: There is no b in font nullfont!
Missing character: There is no a in font nullfont!
Missing character: There is no b in font nullfont!
Missing character: There is no i in font nullfont!
Missing character: There is no l in font nullfont!
Missing character: There is no i in font nullfont!
Missing character: There is no t in font nullfont!
Missing character: There is no y in font nullfont!
Missing character: There is no T in font nullfont!
Missing character: There is no h in font nullfont!
Missing character: There is no e in font nullfont!
Missing character: There is no o in font nullfont!
Missing character: There is no r in font nullfont!
Missing character: There is no y in font nullfont!
! Undefined control sequence.
l.3 		\subsection
                 {Basics}
The control sequence at the end of the top line
of your error message was never \def'ed. If you have
misspelled it (e.g., `\hobx'), type `I' and the correct
spelling (e.g., `I\hbox'). Otherwise just continue,
and I'll forget about whatever was undefined.

Missing character: There is no B in font nullfont!
Missing character: There is no a in font nullfont!
Missing character: There is no s in font nullfont!
Missing character: There is no i in font nullfont!
Missing character: There is no c in font nullfont!
Missing character: There is no s in font nullfont!
Missing character: There is no W in font nullfont!
Missing character: There is no e in font nullfont!
Missing character: There is no l in font nullfont!
Missing character: There is no l in font nullfont!
Missing character: There is no t in font nullfont!
Missing character: There is no h in font nullfont!
Missing character: There is no e in font nullfont!
Missing character: There is no b in font nullfont!
Missing character: There is no a in font nullfont!
Missing character: There is no s in font nullfont!
Missing character: There is no i in font nullfont!
Missing character: There is no c in font nullfont!
Missing character: There is no s in font nullfont!
Missing character: There is no a in font nullfont!
Missing character: There is no r in font nullfont!
Missing character: There is no e in font nullfont!
Missing character: There is no l in font nullfont!
Missing character: There is no u in font nullfont!
Missing character: There is no c in font nullfont!
Missing character: There is no k in font nullfont!
Missing character: There is no i in font nullfont!
Missing character: There is no l in font nullfont!
Missing character: There is no y in font nullfont!
Missing character: There is no . in font nullfont!
Missing character: There is no . in font nullfont!
Missing character: There is no . in font nullfont!
Missing character: There is no p in font nullfont!
Missing character: There is no r in font nullfont!
Missing character: There is no e in font nullfont!
Missing character: There is no t in font nullfont!
Missing character: There is no t in font nullfont!
Missing character: There is no y in font nullfont!
Missing character: There is no b in font nullfont!
Missing character: There is no a in font nullfont!
Missing character: There is no s in font nullfont!
Missing character: There is no i in font nullfont!
Missing character: There is no c in font nullfont!
Missing character: There is no . in font nullfont!
Missing character: There is no A in font nullfont!
Missing character: There is no l in font nullfont!
Missing character: There is no l in font nullfont!
Missing character: There is no o in font nullfont!
Missing character: There is no f in font nullfont!
Missing character: There is no t in font nullfont!
Missing character: There is no h in font nullfont!
Missing character: There is no e in font nullfont!
Missing character: There is no s in font nullfont!
Missing character: There is no t in font nullfont!
Missing character: There is no u in font nullfont!
Missing character: There is no f in font nullfont!
Missing character: There is no f in font nullfont!
Missing character: There is no w in font nullfont!
Missing character: There is no e in font nullfont!
Missing character: There is no l in font nullfont!
Missing character: There is no e in font nullfont!
Missing character: There is no a in font nullfont!
Missing character: There is no r in font nullfont!
Missing character: There is no n in font nullfont!
Missing character: There is no t in font nullfont!
Missing character: There is no a in font nullfont!
Missing character: There is no l in font nullfont!
Missing character: There is no r in font nullfont!
Missing character: There is no e in font nullfont!
Missing character: There is no a in font nullfont!
Missing character: There is no d in font nullfont!
Missing character: There is no y in font nullfont!
Missing character: There is no i in font nullfont!
Missing character: There is no n in font nullfont!
Missing character: There is no J in font nullfont!
Missing character: There is no E in font nullfont!
Missing character: There is no E in font nullfont!
Missing character: There is no . in font nullfont!
Missing character: There is no S in font nullfont!
Missing character: There is no o in font nullfont!
Missing character: There is no m in font nullfont!
Missing character: There is no e in font nullfont!
Missing character: There is no o in font nullfont!
Missing character: There is no f in font nullfont!
Missing character: There is no t in font nullfont!
Missing character: There is no h in font nullfont!
Missing character: There is no e in font nullfont!
Missing character: There is no i in font nullfont!
Missing character: There is no n in font nullfont!
Missing character: There is no t in font nullfont!
Missing character: There is no e in font nullfont!
Missing character: There is no r in font nullfont!
Missing character: There is no e in font nullfont!
Missing character: There is no s in font nullfont!
Missing character: There is no t in font nullfont!
Missing character: There is no i in font nullfont!
Missing character: There is no n in font nullfont!
Missing character: There is no g in font nullfont!
Missing character: There is no c in font nullfont!
Missing character: There is no o in font nullfont!
Missing character: There is no n in font nullfont!
Missing character: There is no c in font nullfont!
Missing character: There is no e in font nullfont!
Missing character: There is no p in font nullfont!
Missing character: There is no t in font nullfont!
Missing character: There is no s in font nullfont!
Missing character: There is no a in font nullfont!
Missing character: There is no r in font nullfont!
Missing character: There is no e in font nullfont!
Missing character: There is no i in font nullfont!
Missing character: There is no n in font nullfont!
Missing character: There is no t in font nullfont!
Missing character: There is no h in font nullfont!
Missing character: There is no e in font nullfont!
Missing character: There is no n in font nullfont!
Missing character: There is no e in font nullfont!
Missing character: There is no x in font nullfont!
Missing character: There is no t in font nullfont!
Missing character: There is no f in font nullfont!
Missing character: There is no e in font nullfont!
Missing character: There is no w in font nullfont!
Missing character: There is no s in font nullfont!
Missing character: There is no e in font nullfont!
Missing character: There is no c in font nullfont!
Missing character: There is no t in font nullfont!
Missing character: There is no i in font nullfont!
Missing character: There is no o in font nullfont!
Missing character: There is no n in font nullfont!
Missing character: There is no s in font nullfont!
Missing character: There is no . in font nullfont!

Overfull \hbox (20.0pt too wide) in paragraph at lines 1--5
[]
 []

! Undefined control sequence.
l.6 		\subsection
                 {Monty Hall Problem}
The control sequence at the end of the top line
of your error message was never \def'ed. If you have
misspelled it (e.g., `\hobx'), type `I' and the correct
spelling (e.g., `I\hbox'). Otherwise just continue,
and I'll forget about whatever was undefined.


! LaTeX Error: Missing \begin{document}.

See the LaTeX manual or LaTeX Companion for explanation.
Type  H <return>  for immediate help.
 ...                                              
                                                  
l.6 		\subsection{M
                   onty Hall Problem}
You're in trouble here.  Try typing  <return>  to proceed.
If that doesn't work, type  X <return>  to quit.

Missing character: There is no M in font nullfont!
Missing character: There is no o in font nullfont!
Missing character: There is no n in font nullfont!
Missing character: There is no t in font nullfont!
Missing character: There is no y in font nullfont!
Missing character: There is no H in font nullfont!
Missing character: There is no a in font nullfont!
Missing character: There is no l in font nullfont!
Missing character: There is no l in font nullfont!
Missing character: There is no P in font nullfont!
Missing character: There is no r in font nullfont!
Missing character: There is no o in font nullfont!
Missing character: There is no b in font nullfont!
Missing character: There is no l in font nullfont!
Missing character: There is no e in font nullfont!
Missing character: There is no m in font nullfont!

Overfull \hbox (20.0pt too wide) in paragraph at lines 6--7
 [] 
 []


Overfull \hbox (19.67766pt too wide) in paragraph at lines 6--7
 \OT1/cmr/m/it/10 Sup- 
 []


Overfull \hbox (18.39987pt too wide) in paragraph at lines 6--7
 \OT1/cmr/m/it/10 pose 
 []


Overfull \hbox (26.70535pt too wide) in paragraph at lines 6--7
 \OT1/cmr/m/it/10 you're 
 []


Overfull \hbox (10.73328pt too wide) in paragraph at lines 6--7
 \OT1/cmr/m/it/10 on 
 []


Overfull \hbox (5.11108pt too wide) in paragraph at lines 6--7
 \OT1/cmr/m/it/10 a 
 []


Overfull \hbox (22.48874pt too wide) in paragraph at lines 6--7
 \OT1/cmr/m/it/10 game 
 []


Overfull \hbox (24.0221pt too wide) in paragraph at lines 6--7
 \OT1/cmr/m/it/10 show, 
 []


Overfull \hbox (15.84436pt too wide) in paragraph at lines 6--7
 \OT1/cmr/m/it/10 and 
 []


Overfull \hbox (26.70535pt too wide) in paragraph at lines 6--7
 \OT1/cmr/m/it/10 you're 
 []


Overfull \hbox (22.48872pt too wide) in paragraph at lines 6--7
 \OT1/cmr/m/it/10 given 
 []


Overfull \hbox (13.03323pt too wide) in paragraph at lines 6--7
 \OT1/cmr/m/it/10 the 
 []


Overfull \hbox (26.57758pt too wide) in paragraph at lines 6--7
 \OT1/cmr/m/it/10 choice 
 []


Overfull \hbox (8.17773pt too wide) in paragraph at lines 6--7
 \OT1/cmr/m/it/10 of 
 []


Overfull \hbox (20.82758pt too wide) in paragraph at lines 6--7
 \OT1/cmr/m/it/10 three 
 []


Overfull \hbox (26.19427pt too wide) in paragraph at lines 6--7
 \OT1/cmr/m/it/10 doors: 
 []


Overfull \hbox (15.21655pt too wide) in paragraph at lines 6--7
 \OT1/cmr/m/it/10 Be- 
 []


Overfull \hbox (18.91101pt too wide) in paragraph at lines 6--7
 \OT1/cmr/m/it/10 hind 
 []


Overfull \hbox (15.33324pt too wide) in paragraph at lines 6--7
 \OT1/cmr/m/it/10 one 
 []


Overfull \hbox (19.03876pt too wide) in paragraph at lines 6--7
 \OT1/cmr/m/it/10 door 
 []


Overfull \hbox (7.15552pt too wide) in paragraph at lines 6--7
 \OT1/cmr/m/it/10 is 
 []


Overfull \hbox (5.11108pt too wide) in paragraph at lines 6--7
 \OT1/cmr/m/it/10 a 
 []


Overfull \hbox (16.4832pt too wide) in paragraph at lines 6--7
 \OT1/cmr/m/it/10 car; 
 []


Overfull \hbox (12.26654pt too wide) in paragraph at lines 6--7
 \OT1/cmr/m/it/10 be- 
 []


Overfull \hbox (18.91101pt too wide) in paragraph at lines 6--7
 \OT1/cmr/m/it/10 hind 
 []


Overfull \hbox (13.03323pt too wide) in paragraph at lines 6--7
 \OT1/cmr/m/it/10 the 
 []


Overfull \hbox (17.1221pt too wide) in paragraph at lines 6--7
 \OT1/cmr/m/it/10 oth- 
 []


Overfull \hbox (15.9721pt too wide) in paragraph at lines 6--7
 \OT1/cmr/m/it/10 ers, 
 []


Overfull \hbox (24.78871pt too wide) in paragraph at lines 6--7
 \OT1/cmr/m/it/10 goats. 
 []


Overfull \hbox (17.14435pt too wide) in paragraph at lines 6--7
 \OT1/cmr/m/it/10 You 
 []


Overfull \hbox (17.37766pt too wide) in paragraph at lines 6--7
 \OT1/cmr/m/it/10 pick 
 []


Overfull \hbox (5.11108pt too wide) in paragraph at lines 6--7
 \OT1/cmr/m/it/10 a 
 []


Overfull \hbox (22.10541pt too wide) in paragraph at lines 6--7
 \OT1/cmr/m/it/10 door, 
 []


Overfull \hbox (14.05547pt too wide) in paragraph at lines 6--7
 \OT1/cmr/m/it/10 say 
 []


Overfull \hbox (15.61102pt too wide) in paragraph at lines 6--7
 \OT1/cmr/m/it/10 No. 
 []


Overfull \hbox (8.17773pt too wide) in paragraph at lines 6--7
 \OT1/cmr/m/it/10 1, 
 []


Overfull \hbox (15.84436pt too wide) in paragraph at lines 6--7
 \OT1/cmr/m/it/10 and 
 []


Overfull \hbox (13.03323pt too wide) in paragraph at lines 6--7
 \OT1/cmr/m/it/10 the 
 []


Overfull \hbox (20.69987pt too wide) in paragraph at lines 6--7
 \OT1/cmr/m/it/10 host, 
 []


Overfull \hbox (16.86658pt too wide) in paragraph at lines 6--7
 \OT1/cmr/m/it/10 who 
 []


Overfull \hbox (26.06651pt too wide) in paragraph at lines 6--7
 \OT1/cmr/m/it/10 knows 
 []


Overfull \hbox (27.34428pt too wide) in paragraph at lines 6--7
 \OT1/cmr/m/it/10 what's 
 []


Overfull \hbox (12.26654pt too wide) in paragraph at lines 6--7
 \OT1/cmr/m/it/10 be- 
 []


Overfull \hbox (18.91101pt too wide) in paragraph at lines 6--7
 \OT1/cmr/m/it/10 hind 
 []


Overfull \hbox (13.03323pt too wide) in paragraph at lines 6--7
 \OT1/cmr/m/it/10 the 
 []


Overfull \hbox (26.19427pt too wide) in paragraph at lines 6--7
 \OT1/cmr/m/it/10 doors, 
 []


Overfull \hbox (24.02206pt too wide) in paragraph at lines 6--7
 \OT1/cmr/m/it/10 opens 
 []


Overfull \hbox (14.31102pt too wide) in paragraph at lines 6--7
 \OT1/cmr/m/it/10 an- 
 []


Overfull \hbox (22.36095pt too wide) in paragraph at lines 6--7
 \OT1/cmr/m/it/10 other 
 []


Overfull \hbox (22.10541pt too wide) in paragraph at lines 6--7
 \OT1/cmr/m/it/10 door, 
 []


Overfull \hbox (14.05547pt too wide) in paragraph at lines 6--7
 \OT1/cmr/m/it/10 say 
 []


Overfull \hbox (15.61102pt too wide) in paragraph at lines 6--7
 \OT1/cmr/m/it/10 No. 
 []


Overfull \hbox (8.17773pt too wide) in paragraph at lines 6--7
 \OT1/cmr/m/it/10 3, 
 []


Overfull \hbox (24.53319pt too wide) in paragraph at lines 6--7
 \OT1/cmr/m/it/10 which 
 []


Overfull \hbox (14.31104pt too wide) in paragraph at lines 6--7
 \OT1/cmr/m/it/10 has 
 []


Overfull \hbox (5.11108pt too wide) in paragraph at lines 6--7
 \OT1/cmr/m/it/10 a 
 []


Overfull \hbox (20.69984pt too wide) in paragraph at lines 6--7
 \OT1/cmr/m/it/10 goat. 
 []


Overfull \hbox (12.03325pt too wide) in paragraph at lines 6--7
 \OT1/cmr/m/it/10 He 
 []


Overfull \hbox (18.65543pt too wide) in paragraph at lines 6--7
 \OT1/cmr/m/it/10 then 
 []


Overfull \hbox (18.14433pt too wide) in paragraph at lines 6--7
 \OT1/cmr/m/it/10 says 
 []


Overfull \hbox (8.43327pt too wide) in paragraph at lines 6--7
 \OT1/cmr/m/it/10 to 
 []


Overfull \hbox (18.39989pt too wide) in paragraph at lines 6--7
 \OT1/cmr/m/it/10 you, 
 []


Overfull \hbox (17.80545pt too wide) in paragraph at lines 6--7
 \OT1/cmr/m/it/10 \Do 
 []


Overfull \hbox (15.33324pt too wide) in paragraph at lines 6--7
 \OT1/cmr/m/it/10 you 
 []


Overfull \hbox (20.69987pt too wide) in paragraph at lines 6--7
 \OT1/cmr/m/it/10 want 
 []


Overfull \hbox (8.43327pt too wide) in paragraph at lines 6--7
 \OT1/cmr/m/it/10 to 
 []


Overfull \hbox (17.37766pt too wide) in paragraph at lines 6--7
 \OT1/cmr/m/it/10 pick 
 []


Overfull \hbox (19.03876pt too wide) in paragraph at lines 6--7
 \OT1/cmr/m/it/10 door 
 []


Overfull \hbox (15.61102pt too wide) in paragraph at lines 6--7
 \OT1/cmr/m/it/10 No. 
 []


Overfull \hbox (15.3666pt too wide) in paragraph at lines 6--7
 \OT1/cmr/m/it/10 2?" 
 []


Overfull \hbox (7.9444pt too wide) in paragraph at lines 6--7
 \OT1/cmr/m/it/10 Is 
 []


Overfull \hbox (6.38884pt too wide) in paragraph at lines 6--7
 \OT1/cmr/m/it/10 it 
 []


Overfull \hbox (8.43327pt too wide) in paragraph at lines 6--7
 \OT1/cmr/m/it/10 to 
 []


Overfull \hbox (19.54987pt too wide) in paragraph at lines 6--7
 \OT1/cmr/m/it/10 your 
 []


Overfull \hbox (13.79991pt too wide) in paragraph at lines 6--7
 \OT1/cmr/m/it/10 ad- 
 []


Overfull \hbox (18.91098pt too wide) in paragraph at lines 6--7
 \OT1/cmr/m/it/10 van- 
 []


Overfull \hbox (17.6332pt too wide) in paragraph at lines 6--7
 \OT1/cmr/m/it/10 tage 
 []


Overfull \hbox (8.43327pt too wide) in paragraph at lines 6--7
 \OT1/cmr/m/it/10 to 
 []


Overfull \hbox (26.83316pt too wide) in paragraph at lines 6--7
 \OT1/cmr/m/it/10 switch 
 []


Overfull \hbox (19.54987pt too wide) in paragraph at lines 6--7
 \OT1/cmr/m/it/10 your 
 []


Overfull \hbox (31.68866pt too wide) in paragraph at lines 6--7
 \OT1/cmr/m/it/10 choice? 
 []


! LaTeX Error: Missing \begin{document}.

See the LaTeX manual or LaTeX Companion for explanation.
Type  H <return>  for immediate help.
 ...                                              
                                                  
l.8 			\raggedright O
                     ne important thing to keep in mind which makes the fina...

You're in trouble here.  Try typing  <return>  to proceed.
If that doesn't work, type  X <return>  to quit.

Missing character: There is no O in font nullfont!
Missing character: There is no n in font nullfont!
Missing character: There is no e in font nullfont!
Missing character: There is no i in font nullfont!
Missing character: There is no m in font nullfont!
Missing character: There is no p in font nullfont!
Missing character: There is no o in font nullfont!
Missing character: There is no r in font nullfont!
Missing character: There is no t in font nullfont!
Missing character: There is no a in font nullfont!
Missing character: There is no n in font nullfont!
Missing character: There is no t in font nullfont!
Missing character: There is no t in font nullfont!
Missing character: There is no h in font nullfont!
Missing character: There is no i in font nullfont!
Missing character: There is no n in font nullfont!
Missing character: There is no g in font nullfont!
Missing character: There is no t in font nullfont!
Missing character: There is no o in font nullfont!
Missing character: There is no k in font nullfont!
Missing character: There is no e in font nullfont!
Missing character: There is no e in font nullfont!
Missing character: There is no p in font nullfont!
Missing character: There is no i in font nullfont!
Missing character: There is no n in font nullfont!
Missing character: There is no m in font nullfont!
Missing character: There is no i in font nullfont!
Missing character: There is no n in font nullfont!
Missing character: There is no d in font nullfont!
Missing character: There is no w in font nullfont!
Missing character: There is no h in font nullfont!
Missing character: There is no i in font nullfont!
Missing character: There is no c in font nullfont!
Missing character: There is no h in font nullfont!
Missing character: There is no m in font nullfont!
Missing character: There is no a in font nullfont!
Missing character: There is no k in font nullfont!
Missing character: There is no e in font nullfont!
Missing character: There is no s in font nullfont!
Missing character: There is no t in font nullfont!
Missing character: There is no h in font nullfont!
Missing character: There is no e in font nullfont!
Missing character: There is no f in font nullfont!
Missing character: There is no i in font nullfont!
Missing character: There is no n in font nullfont!
Missing character: There is no a in font nullfont!
Missing character: There is no l in font nullfont!
Missing character: There is no s in font nullfont!
Missing character: There is no o in font nullfont!
Missing character: There is no l in font nullfont!
Missing character: There is no u in font nullfont!
Missing character: There is no t in font nullfont!
Missing character: There is no i in font nullfont!
Missing character: There is no o in font nullfont!
Missing character: There is no n in font nullfont!
Missing character: There is no s in font nullfont!
Missing character: There is no e in font nullfont!
Missing character: There is no e in font nullfont!
Missing character: There is no m in font nullfont!
Missing character: There is no n in font nullfont!
Missing character: There is no o in font nullfont!
Missing character: There is no n in font nullfont!
Missing character: There is no - in font nullfont!
Missing character: There is no i in font nullfont!
Missing character: There is no n in font nullfont!
Missing character: There is no t in font nullfont!
Missing character: There is no u in font nullfont!
Missing character: There is no i in font nullfont!
Missing character: There is no t in font nullfont!
Missing character: There is no i in font nullfont!
Missing character: There is no v in font nullfont!
Missing character: There is no e in font nullfont!
LaTeX Font Info:    External font `cmex10' loaded for size
(Font)              <7> on input line 8.
LaTeX Font Info:    External font `cmex10' loaded for size
(Font)              <5> on input line 8.
Missing character: There is no T in font nullfont!
Missing character: There is no h in font nullfont!
Missing character: There is no e in font nullfont!
Missing character: There is no h in font nullfont!
Missing character: There is no o in font nullfont!
Missing character: There is no s in font nullfont!
Missing character: There is no t in font nullfont!
Missing character: There is no k in font nullfont!
Missing character: There is no n in font nullfont!
Missing character: There is no o in font nullfont!
Missing character: There is no w in font nullfont!
Missing character: There is no s in font nullfont!
Missing character: There is no w in font nullfont!
Missing character: There is no h in font nullfont!
Missing character: There is no i in font nullfont!
Missing character: There is no c in font nullfont!
Missing character: There is no h in font nullfont!
Missing character: There is no d in font nullfont!
Missing character: There is no o in font nullfont!
Missing character: There is no o in font nullfont!
Missing character: There is no r in font nullfont!
Missing character: There is no h in font nullfont!
Missing character: There is no a in font nullfont!
Missing character: There is no s in font nullfont!
Missing character: There is no t in font nullfont!
Missing character: There is no h in font nullfont!
Missing character: There is no e in font nullfont!
Missing character: There is no C in font nullfont!
Missing character: There is no a in font nullfont!
Missing character: There is no r in font nullfont!
Missing character: There is no b in font nullfont!
Missing character: There is no e in font nullfont!
Missing character: There is no h in font nullfont!
Missing character: There is no i in font nullfont!
Missing character: There is no n in font nullfont!
Missing character: There is no d in font nullfont!
Missing character: There is no i in font nullfont!
Missing character: There is no t in font nullfont!
Missing character: There is no . in font nullfont!
Missing character: There is no H in font nullfont!
Missing character: There is no e in font nullfont!
Missing character: There is no w in font nullfont!
Missing character: There is no i in font nullfont!
Missing character: There is no l in font nullfont!
Missing character: There is no l in font nullfont!
Missing character: There is no n in font nullfont!
Missing character: There is no e in font nullfont!
Missing character: There is no v in font nullfont!
Missing character: There is no e in font nullfont!
Missing character: There is no r in font nullfont!
Missing character: There is no o in font nullfont!
Missing character: There is no p in font nullfont!
Missing character: There is no e in font nullfont!
Missing character: There is no n in font nullfont!
Missing character: There is no t in font nullfont!
Missing character: There is no h in font nullfont!
Missing character: There is no e in font nullfont!
Missing character: There is no d in font nullfont!
Missing character: There is no o in font nullfont!
Missing character: There is no o in font nullfont!
Missing character: There is no r in font nullfont!
Missing character: There is no w in font nullfont!
Missing character: There is no i in font nullfont!
Missing character: There is no t in font nullfont!
Missing character: There is no h in font nullfont!
Missing character: There is no t in font nullfont!
Missing character: There is no h in font nullfont!
Missing character: There is no e in font nullfont!
Missing character: There is no c in font nullfont!
Missing character: There is no a in font nullfont!
Missing character: There is no r in font nullfont!
Missing character: There is no . in font nullfont!
Missing character: There is no L in font nullfont!
Missing character: There is no e in font nullfont!
Missing character: There is no t in font nullfont!
Missing character: There is no u in font nullfont!
Missing character: There is no s in font nullfont!
Missing character: There is no t in font nullfont!
Missing character: There is no r in font nullfont!
Missing character: There is no y in font nullfont!
Missing character: There is no t in font nullfont!
Missing character: There is no o in font nullfont!
Missing character: There is no r in font nullfont!
Missing character: There is no a in font nullfont!
Missing character: There is no t in font nullfont!
Missing character: There is no i in font nullfont!
Missing character: There is no o in font nullfont!
Missing character: There is no n in font nullfont!
Missing character: There is no a in font nullfont!
Missing character: There is no l in font nullfont!
Missing character: There is no i in font nullfont!
Missing character: There is no s in font nullfont!
Missing character: There is no e in font nullfont!
Missing character: There is no t in font nullfont!
Missing character: There is no h in font nullfont!
Missing character: There is no e in font nullfont!
Missing character: There is no p in font nullfont!
Missing character: There is no r in font nullfont!
Missing character: There is no o in font nullfont!
Missing character: There is no b in font nullfont!
Missing character: There is no l in font nullfont!
Missing character: There is no e in font nullfont!
Missing character: There is no m in font nullfont!
Missing character: There is no b in font nullfont!
Missing character: There is no a in font nullfont!
Missing character: There is no s in font nullfont!
Missing character: There is no e in font nullfont!
Missing character: There is no d in font nullfont!
Missing character: There is no o in font nullfont!
Missing character: There is no n in font nullfont!
Missing character: There is no B in font nullfont!
Missing character: There is no a in font nullfont!
Missing character: There is no y in font nullfont!
Missing character: There is no e in font nullfont!
Missing character: There is no s in font nullfont!
Missing character: There is no ' in font nullfont!
Missing character: There is no T in font nullfont!
Missing character: There is no h in font nullfont!
Missing character: There is no e in font nullfont!
Missing character: There is no o in font nullfont!
Missing character: There is no r in font nullfont!
Missing character: There is no e in font nullfont!
Missing character: There is no m in font nullfont!
Missing character: There is no . in font nullfont!

Overfull \hbox (10.00002pt too wide) in paragraph at lines 8--9
\OMS/cmsy/m/n/10 !$ 
 []


! LaTeX Error: Missing \begin{document}.

See the LaTeX manual or LaTeX Companion for explanation.
Type  H <return>  for immediate help.
 ...                                              
                                                  
l.10 			A
         ssume for now that whatever door we choose is called $Door_1$, the ...

You're in trouble here.  Try typing  <return>  to proceed.
If that doesn't work, type  X <return>  to quit.

Missing character: There is no A in font nullfont!
Missing character: There is no s in font nullfont!
Missing character: There is no s in font nullfont!
Missing character: There is no u in font nullfont!
Missing character: There is no m in font nullfont!
Missing character: There is no e in font nullfont!
Missing character: There is no f in font nullfont!
Missing character: There is no o in font nullfont!
Missing character: There is no r in font nullfont!
Missing character: There is no n in font nullfont!
Missing character: There is no o in font nullfont!
Missing character: There is no w in font nullfont!
Missing character: There is no t in font nullfont!
Missing character: There is no h in font nullfont!
Missing character: There is no a in font nullfont!
Missing character: There is no t in font nullfont!
Missing character: There is no w in font nullfont!
Missing character: There is no h in font nullfont!
Missing character: There is no a in font nullfont!
Missing character: There is no t in font nullfont!
Missing character: There is no e in font nullfont!
Missing character: There is no v in font nullfont!
Missing character: There is no e in font nullfont!
Missing character: There is no r in font nullfont!
Missing character: There is no d in font nullfont!
Missing character: There is no o in font nullfont!
Missing character: There is no o in font nullfont!
Missing character: There is no r in font nullfont!
Missing character: There is no w in font nullfont!
Missing character: There is no e in font nullfont!
Missing character: There is no c in font nullfont!
Missing character: There is no h in font nullfont!
Missing character: There is no o in font nullfont!
Missing character: There is no o in font nullfont!
Missing character: There is no s in font nullfont!
Missing character: There is no e in font nullfont!
Missing character: There is no i in font nullfont!
Missing character: There is no s in font nullfont!
Missing character: There is no c in font nullfont!
Missing character: There is no a in font nullfont!
Missing character: There is no l in font nullfont!
Missing character: There is no l in font nullfont!
Missing character: There is no e in font nullfont!
Missing character: There is no d in font nullfont!
Missing character: There is no , in font nullfont!
Missing character: There is no t in font nullfont!
Missing character: There is no h in font nullfont!
Missing character: There is no e in font nullfont!
Missing character: There is no h in font nullfont!
Missing character: There is no o in font nullfont!
Missing character: There is no s in font nullfont!
Missing character: There is no t in font nullfont!
Missing character: There is no o in font nullfont!
Missing character: There is no p in font nullfont!
Missing character: There is no e in font nullfont!
Missing character: There is no n in font nullfont!
Missing character: There is no s in font nullfont!
Missing character: There is no e in font nullfont!
Missing character: There is no i in font nullfont!
Missing character: There is no t in font nullfont!
Missing character: There is no h in font nullfont!
Missing character: There is no e in font nullfont!
Missing character: There is no r in font nullfont!
Missing character: There is no o in font nullfont!
Missing character: There is no r in font nullfont!

Overfull \hbox (27.24911pt too wide) in paragraph at lines 10--10
\OML/cmm/m/it/10 Door[]$ 
 []


Overfull \hbox (27.24911pt too wide) in paragraph at lines 10--10
\OML/cmm/m/it/10 Door[]$ 
 []


Overfull \hbox (27.24911pt too wide) in paragraph at lines 10--10
\OML/cmm/m/it/10 Door[]$ 
 []


! LaTeX Error: Missing \begin{document}.

See the LaTeX manual or LaTeX Companion for explanation.
Type  H <return>  for immediate help.
 ...                                              
                                                  
l.12 			C
         ase 1: $Car \rightarrow Door_1$\\
You're in trouble here.  Try typing  <return>  to proceed.
If that doesn't work, type  X <return>  to quit.

Missing character: There is no C in font nullfont!
Missing character: There is no a in font nullfont!
Missing character: There is no s in font nullfont!
Missing character: There is no e in font nullfont!
Missing character: There is no 1 in font nullfont!
Missing character: There is no : in font nullfont!

Overfull \hbox (30.71547pt too wide) in paragraph at lines 12--12
\OML/cmm/m/it/10 Car \OMS/cmsy/m/n/10 ! 
 []


Overfull \hbox (27.24911pt too wide) in paragraph at lines 12--12
\OML/cmm/m/it/10 Door[]$ 
 []


! LaTeX Error: Missing \begin{document}.

See the LaTeX manual or LaTeX Companion for explanation.
Type  H <return>  for immediate help.
 ...                                              
                                                  
l.13 			\quad
              In that case $P(keep\rightarrow Car)=1$ and $P(swap\rightarrow...

You're in trouble here.  Try typing  <return>  to proceed.
If that doesn't work, type  X <return>  to quit.

Missing character: There is no I in font nullfont!
Missing character: There is no n in font nullfont!
Missing character: There is no t in font nullfont!
Missing character: There is no h in font nullfont!
Missing character: There is no a in font nullfont!
Missing character: There is no t in font nullfont!
Missing character: There is no c in font nullfont!
Missing character: There is no a in font nullfont!
Missing character: There is no s in font nullfont!
Missing character: There is no e in font nullfont!
Missing character: There is no a in font nullfont!
Missing character: There is no n in font nullfont!
Missing character: There is no d in font nullfont!

Overfull \hbox (44.34029pt too wide) in paragraph at lines 13--14
\OML/cmm/m/it/10 P\OT1/cmr/m/n/10 (\OML/cmm/m/it/10 keep \OMS/cmsy/m/n/10 ! 
 []


Overfull \hbox (32.38216pt too wide) in paragraph at lines 13--14
\OML/cmm/m/it/10 Car\OT1/cmr/m/n/10 ) = 
 []


Overfull \hbox (5.00002pt too wide) in paragraph at lines 13--14
\OT1/cmr/m/n/10 1$ 
 []


Overfull \hbox (46.90855pt too wide) in paragraph at lines 13--14
\OML/cmm/m/it/10 P\OT1/cmr/m/n/10 (\OML/cmm/m/it/10 swap \OMS/cmsy/m/n/10 ! 
 []


Overfull \hbox (32.38216pt too wide) in paragraph at lines 13--14
\OML/cmm/m/it/10 Car\OT1/cmr/m/n/10 ) = 
 []


Overfull \hbox (5.00002pt too wide) in paragraph at lines 13--14
\OT1/cmr/m/n/10 0$ 
 []


! LaTeX Error: Missing \begin{document}.

See the LaTeX manual or LaTeX Companion for explanation.
Type  H <return>  for immediate help.
 ...                                              
                                                  
l.15 			C
         ase 2: $Car \rightarrow Door_2$\\
You're in trouble here.  Try typing  <return>  to proceed.
If that doesn't work, type  X <return>  to quit.

Missing character: There is no C in font nullfont!
Missing character: There is no a in font nullfont!
Missing character: There is no s in font nullfont!
Missing character: There is no e in font nullfont!
Missing character: There is no 2 in font nullfont!
Missing character: There is no : in font nullfont!

Overfull \hbox (30.71547pt too wide) in paragraph at lines 15--15
\OML/cmm/m/it/10 Car \OMS/cmsy/m/n/10 ! 
 []


Overfull \hbox (27.24911pt too wide) in paragraph at lines 15--15
\OML/cmm/m/it/10 Door[]$ 
 []


! LaTeX Error: Missing \begin{document}.

See the LaTeX manual or LaTeX Companion for explanation.
Type  H <return>  for immediate help.
 ...                                              
                                                  
l.16 			\quad
              In that case $P(keep\rightarrow Car)=0$ and $P(swap\rightarrow...

You're in trouble here.  Try typing  <return>  to proceed.
If that doesn't work, type  X <return>  to quit.

Missing character: There is no I in font nullfont!
Missing character: There is no n in font nullfont!
Missing character: There is no t in font nullfont!
Missing character: There is no h in font nullfont!
Missing character: There is no a in font nullfont!
Missing character: There is no t in font nullfont!
Missing character: There is no c in font nullfont!
Missing character: There is no a in font nullfont!
Missing character: There is no s in font nullfont!
Missing character: There is no e in font nullfont!
Missing character: There is no a in font nullfont!
Missing character: There is no n in font nullfont!
Missing character: There is no d in font nullfont!

Overfull \hbox (44.34029pt too wide) in paragraph at lines 16--17
\OML/cmm/m/it/10 P\OT1/cmr/m/n/10 (\OML/cmm/m/it/10 keep \OMS/cmsy/m/n/10 ! 
 []


Overfull \hbox (32.38216pt too wide) in paragraph at lines 16--17
\OML/cmm/m/it/10 Car\OT1/cmr/m/n/10 ) = 
 []


Overfull \hbox (5.00002pt too wide) in paragraph at lines 16--17
\OT1/cmr/m/n/10 0$ 
 []


Overfull \hbox (46.90855pt too wide) in paragraph at lines 16--17
\OML/cmm/m/it/10 P\OT1/cmr/m/n/10 (\OML/cmm/m/it/10 swap \OMS/cmsy/m/n/10 ! 
 []


Overfull \hbox (32.38216pt too wide) in paragraph at lines 16--17
\OML/cmm/m/it/10 Car\OT1/cmr/m/n/10 ) = 
 []


Overfull \hbox (5.00002pt too wide) in paragraph at lines 16--17
\OT1/cmr/m/n/10 1$ 
 []


! LaTeX Error: Missing \begin{document}.

See the LaTeX manual or LaTeX Companion for explanation.
Type  H <return>  for immediate help.
 ...                                              
                                                  
l.18 			C
         ase 3: $Car \rightarrow Door_3$\\
You're in trouble here.  Try typing  <return>  to proceed.
If that doesn't work, type  X <return>  to quit.

Missing character: There is no C in font nullfont!
Missing character: There is no a in font nullfont!
Missing character: There is no s in font nullfont!
Missing character: There is no e in font nullfont!
Missing character: There is no 3 in font nullfont!
Missing character: There is no : in font nullfont!

Overfull \hbox (30.71547pt too wide) in paragraph at lines 18--18
\OML/cmm/m/it/10 Car \OMS/cmsy/m/n/10 ! 
 []


Overfull \hbox (27.24911pt too wide) in paragraph at lines 18--18
\OML/cmm/m/it/10 Door[]$ 
 []


! LaTeX Error: Missing \begin{document}.

See the LaTeX manual or LaTeX Companion for explanation.
Type  H <return>  for immediate help.
 ...                                              
                                                  
l.19 			\quad
              In that case $P(keep\rightarrow Car)=0$ and $P(swap\rightarrow...

You're in trouble here.  Try typing  <return>  to proceed.
If that doesn't work, type  X <return>  to quit.

Missing character: There is no I in font nullfont!
Missing character: There is no n in font nullfont!
Missing character: There is no t in font nullfont!
Missing character: There is no h in font nullfont!
Missing character: There is no a in font nullfont!
Missing character: There is no t in font nullfont!
Missing character: There is no c in font nullfont!
Missing character: There is no a in font nullfont!
Missing character: There is no s in font nullfont!
Missing character: There is no e in font nullfont!
Missing character: There is no a in font nullfont!
Missing character: There is no n in font nullfont!
Missing character: There is no d in font nullfont!

Overfull \hbox (44.34029pt too wide) in paragraph at lines 19--19
\OML/cmm/m/it/10 P\OT1/cmr/m/n/10 (\OML/cmm/m/it/10 keep \OMS/cmsy/m/n/10 ! 
 []


Overfull \hbox (32.38216pt too wide) in paragraph at lines 19--19
\OML/cmm/m/it/10 Car\OT1/cmr/m/n/10 ) = 
 []


Overfull \hbox (5.00002pt too wide) in paragraph at lines 19--19
\OT1/cmr/m/n/10 0$ 
 []


Overfull \hbox (46.90855pt too wide) in paragraph at lines 19--19
\OML/cmm/m/it/10 P\OT1/cmr/m/n/10 (\OML/cmm/m/it/10 swap \OMS/cmsy/m/n/10 ! 
 []


Overfull \hbox (32.38216pt too wide) in paragraph at lines 19--19
\OML/cmm/m/it/10 Car\OT1/cmr/m/n/10 ) = 
 []


Overfull \hbox (5.00002pt too wide) in paragraph at lines 19--19
\OT1/cmr/m/n/10 1$ 
 []


! LaTeX Error: Missing \begin{document}.

See the LaTeX manual or LaTeX Companion for explanation.
Type  H <return>  for immediate help.
 ...                                              
                                                  
l.21 			U
         sing Total probability theorem, it is obvious that $P(keep \rightar...

You're in trouble here.  Try typing  <return>  to proceed.
If that doesn't work, type  X <return>  to quit.

Missing character: There is no U in font nullfont!
Missing character: There is no s in font nullfont!
Missing character: There is no i in font nullfont!
Missing character: There is no n in font nullfont!
Missing character: There is no g in font nullfont!
Missing character: There is no T in font nullfont!
Missing character: There is no o in font nullfont!
Missing character: There is no t in font nullfont!
Missing character: There is no a in font nullfont!
Missing character: There is no l in font nullfont!
Missing character: There is no p in font nullfont!
Missing character: There is no r in font nullfont!
Missing character: There is no o in font nullfont!
Missing character: There is no b in font nullfont!
Missing character: There is no a in font nullfont!
Missing character: There is no b in font nullfont!
Missing character: There is no i in font nullfont!
Missing character: There is no l in font nullfont!
Missing character: There is no i in font nullfont!
Missing character: There is no t in font nullfont!
Missing character: There is no y in font nullfont!
Missing character: There is no t in font nullfont!
Missing character: There is no h in font nullfont!
Missing character: There is no e in font nullfont!
Missing character: There is no o in font nullfont!
Missing character: There is no r in font nullfont!
Missing character: There is no e in font nullfont!
Missing character: There is no m in font nullfont!
Missing character: There is no , in font nullfont!
Missing character: There is no i in font nullfont!
Missing character: There is no t in font nullfont!
Missing character: There is no i in font nullfont!
Missing character: There is no s in font nullfont!
Missing character: There is no o in font nullfont!
Missing character: There is no b in font nullfont!
Missing character: There is no v in font nullfont!
Missing character: There is no i in font nullfont!
Missing character: There is no o in font nullfont!
Missing character: There is no u in font nullfont!
Missing character: There is no s in font nullfont!
Missing character: There is no t in font nullfont!
Missing character: There is no h in font nullfont!
Missing character: There is no a in font nullfont!
Missing character: There is no t in font nullfont!
Missing character: There is no a in font nullfont!
Missing character: There is no n in font nullfont!
Missing character: There is no d in font nullfont!

Overfull \hbox (44.34029pt too wide) in paragraph at lines 21--22
\OML/cmm/m/it/10 P\OT1/cmr/m/n/10 (\OML/cmm/m/it/10 keep \OMS/cmsy/m/n/10 ! 
 []


Overfull \hbox (32.38216pt too wide) in paragraph at lines 21--22
\OML/cmm/m/it/10 Car\OT1/cmr/m/n/10 ) = 
 []


Overfull \hbox (6.38612pt too wide) in paragraph at lines 21--22
[]$ 
 []


Overfull \hbox (46.90855pt too wide) in paragraph at lines 21--22
\OML/cmm/m/it/10 P\OT1/cmr/m/n/10 (\OML/cmm/m/it/10 swap \OMS/cmsy/m/n/10 ! 
 []


Overfull \hbox (32.38216pt too wide) in paragraph at lines 21--22
\OML/cmm/m/it/10 Car\OT1/cmr/m/n/10 ) = 
 []


Overfull \hbox (6.38612pt too wide) in paragraph at lines 21--22
[]$ 
 []

! Undefined control sequence.
l.23 		\subsection
                  {Monte-Carlo Algorithms}
The control sequence at the end of the top line
of your error message was never \def'ed. If you have
misspelled it (e.g., `\hobx'), type `I' and the correct
spelling (e.g., `I\hbox'). Otherwise just continue,
and I'll forget about whatever was undefined.


! LaTeX Error: Missing \begin{document}.

See the LaTeX manual or LaTeX Companion for explanation.
Type  H <return>  for immediate help.
 ...                                              
                                                  
l.23 		\subsection{M
                    onte-Carlo Algorithms}
You're in trouble here.  Try typing  <return>  to proceed.
If that doesn't work, type  X <return>  to quit.

Missing character: There is no M in font nullfont!
Missing character: There is no o in font nullfont!
Missing character: There is no n in font nullfont!
Missing character: There is no t in font nullfont!
Missing character: There is no e in font nullfont!
Missing character: There is no - in font nullfont!
Missing character: There is no C in font nullfont!
Missing character: There is no a in font nullfont!
Missing character: There is no r in font nullfont!
Missing character: There is no l in font nullfont!
Missing character: There is no o in font nullfont!
Missing character: There is no A in font nullfont!
Missing character: There is no l in font nullfont!
Missing character: There is no g in font nullfont!
Missing character: There is no o in font nullfont!
Missing character: There is no r in font nullfont!
Missing character: There is no i in font nullfont!
Missing character: There is no t in font nullfont!
Missing character: There is no h in font nullfont!
Missing character: There is no m in font nullfont!
Missing character: There is no s in font nullfont!
! Undefined control sequence.
l.25 	\mysection
                {2}{Information Theory}
The control sequence at the end of the top line
of your error message was never \def'ed. If you have
misspelled it (e.g., `\hobx'), type `I' and the correct
spelling (e.g., `I\hbox'). Otherwise just continue,
and I'll forget about whatever was undefined.


! LaTeX Error: Missing \begin{document}.

See the LaTeX manual or LaTeX Companion for explanation.
Type  H <return>  for immediate help.
 ...                                              
                                                  
l.25 	\mysection{2
                  }{Information Theory}
You're in trouble here.  Try typing  <return>  to proceed.
If that doesn't work, type  X <return>  to quit.

Missing character: There is no 2 in font nullfont!
Missing character: There is no I in font nullfont!
Missing character: There is no n in font nullfont!
Missing character: There is no f in font nullfont!
Missing character: There is no o in font nullfont!
Missing character: There is no r in font nullfont!
Missing character: There is no m in font nullfont!
Missing character: There is no a in font nullfont!
Missing character: There is no t in font nullfont!
Missing character: There is no i in font nullfont!
Missing character: There is no o in font nullfont!
Missing character: There is no n in font nullfont!
Missing character: There is no T in font nullfont!
Missing character: There is no h in font nullfont!
Missing character: There is no e in font nullfont!
Missing character: There is no o in font nullfont!
Missing character: There is no r in font nullfont!
Missing character: There is no y in font nullfont!
)
! Emergency stop.
<*> Week_2.tex
              
*** (job aborted, no legal \end found)

 
Here is how much of TeX's memory you used:
 21 strings out of 478300
 432 string characters out of 5849124
 293973 words of memory out of 5000000
 18297 multiletter control sequences out of 15000+600000
 469605 words of font info for 29 fonts, out of 8000000 for 9000
 1141 hyphenation exceptions out of 8191
 18i,2n,12p,433b,59s stack positions out of 10000i,1000n,20000p,200000b,200000s
!  ==> Fatal error occurred, no output PDF file produced!
